{
  "stats": {
    "suites": 1,
    "tests": 2,
    "passes": 1,
    "pending": 0,
    "failures": 1,
    "start": "2020-10-01T07:58:30.777Z",
    "end": "2020-10-01T07:58:38.093Z",
    "duration": 7316,
    "testsRegistered": 2,
    "passPercent": 50,
    "pendingPercent": 0,
    "other": 0,
    "hasOther": false,
    "skipped": 0,
    "hasSkipped": false
  },
  "results": [
    {
      "uuid": "3b4a6aa3-f07e-4044-8a87-89c9f547080b",
      "title": "",
      "fullFile": "",
      "file": "",
      "beforeHooks": [],
      "afterHooks": [],
      "tests": [],
      "suites": [
        {
          "uuid": "0f8e8a78-a7f7-4c8d-bb57-2276623c4bac",
          "title": "Show Lyrics",
          "fullFile": "C:\\Users\\SPEJOGJA\\Desktop\\at-api\\api\\test\\show-lyrics-test.js",
          "file": "\\api\\test\\show-lyrics-test.js",
          "beforeHooks": [],
          "afterHooks": [],
          "tests": [
            {
              "title": "@get Sebagai user, saya ingin mendapatkan lirik ketika saya menginput nama artis dan lagunya",
              "fullTitle": "Show Lyrics @get Sebagai user, saya ingin mendapatkan lirik ketika saya menginput nama artis dan lagunya",
              "timedOut": false,
              "duration": 3943,
              "state": "passed",
              "speed": "slow",
              "pass": true,
              "fail": false,
              "pending": false,
              "context": null,
              "code": "const response = await page.getLyrics(artist, song);\nassert(response.status).to.equal(200);",
              "err": {},
              "uuid": "0c230bb5-a586-4b56-bce6-4892d6c1386d",
              "parentUUID": "0f8e8a78-a7f7-4c8d-bb57-2276623c4bac",
              "isHook": false,
              "skipped": false
            },
            {
              "title": "@get Sebagai user, saya tidak akan mendapatkan lirik ketika menginput nama teman saya dan lagu yang dia cover",
              "fullTitle": "Show Lyrics @get Sebagai user, saya tidak akan mendapatkan lirik ketika menginput nama teman saya dan lagu yang dia cover",
              "timedOut": false,
              "duration": 3322,
              "state": "failed",
              "speed": null,
              "pass": false,
              "fail": true,
              "pending": false,
              "context": null,
              "code": "const response = await page.getLyrics(temanSaya, song);\nassert(response.status).to.equal(404);\nassert(response.body.error).to.equal('No lyrics found');",
              "err": {
                "message": "AssertionError: expected 200 to equal 404",
                "estack": "AssertionError: expected 200 to equal 404\n    at Context.<anonymous> (api\\test\\show-lyrics-test.js:27:34)\n    at processTicksAndRejections (internal/process/task_queues.js:97:5)",
                "diff": "- 200\n+ 404\n"
              },
              "uuid": "cd02e77c-e57c-49ee-ab12-cfd09b7414e2",
              "parentUUID": "0f8e8a78-a7f7-4c8d-bb57-2276623c4bac",
              "isHook": false,
              "skipped": false
            }
          ],
          "suites": [],
          "passes": [
            "0c230bb5-a586-4b56-bce6-4892d6c1386d"
          ],
          "failures": [
            "cd02e77c-e57c-49ee-ab12-cfd09b7414e2"
          ],
          "pending": [],
          "skipped": [],
          "duration": 7265,
          "root": false,
          "rootEmpty": false,
          "_timeout": 180000
        }
      ],
      "passes": [],
      "failures": [],
      "pending": [],
      "skipped": [],
      "duration": 0,
      "root": true,
      "rootEmpty": true,
      "_timeout": 180000
    }
  ],
  "meta": {
    "mocha": {
      "version": "8.1.3"
    },
    "mochawesome": {
      "options": {
        "quiet": false,
        "reportFilename": "mochawesome",
        "saveHtml": true,
        "saveJson": true,
        "consoleReporter": "spec",
        "useInlineDiffs": false,
        "code": true
      },
      "version": "6.1.1"
    },
    "marge": {
      "options": {
        "reportDir": "reports/mochawesome/"
      },
      "version": "5.1.0"
    }
  }
}